omegalib data search paths:
::: /data/evl/victoras/projects/batCave
::: /data/evl/victoras/omegalib5/core
omegalib application config lookup:
::: trying orun/orun.cfg
::: not found, trying orun.cfg
::: not found, trying default.cfg
::: found config: default.cfg
>>>>>>>>>>>>>>>>>>>>>>>>>>>>>>>>>>>>>>>>>>>>>>>>>>>>>>>>>>>>>>>>>>>>>>>>>>>>>>>> OMEGALIB BOOT
SystemManager::setup
Opened config file: default.cfg
SystemManager::setup: systemConfig = evl/lyra-xinerama.cfg
Opened config file: evl/lyra-xinerama.cfg
SharedDataServices::registerObject: queuing interp for registration
!!! WARNING: could not find a local omegalib python installation. 
Omegalib will attempt to use the system python interpreter (if available)
PythonInterpreter::addPythonPath: ./
PythonInterpreter::addPythonPath: /data/evl/victoras/omegalib5/build/bin/
PythonInterpreter::addPythonPath: /data/evl/victoras/omegalib5/core/modules
PythonInterpreter: starting interactive shell thread.
omegaPythonApiInit()
Python Interpreter initialized.
SystemManager::setupDisplaySystem: type = Equalizer
Bezel size: 0.005 0.005
canvas pixel size: 24588 3072
ModuleServices::addModule: OmegaViewer
Service added: NetService
ServiceManager::initialize
Event buffer allocated. Max events: 512
<<<<<<<<<<<<<<<<<<<<<<<<<<<<<<<<<<<<<<<<<<<<<<<<<<<<<<<<<<<<<<<<<<<<<<<<<<<<<<<< OMEGALIB BOOT


>>>>>>>>>>>>>>>>>>>>>>>>>>>>>>>>>>>>>>>>>>>>>>>>>>>>>>>>>>>>>>>>>>>>>>>>>>>>>>>> DISPLAY INITIALIZATION
[EQ] ConfigImpl::ConfigImpl
[EQ] ConfigImpl::init
ModuleServices::addModule: EventSharingModule
Console: adding log listener
ModuleServices::addModule: console
Camera controller: wand
ModuleServices::addModule: CameraController
SoundManager: Connected to server, will send messages to xenakis.evl.uic.edu on port 57120
Engine: Checking if sound server is ready at xenakis.evl.uic.edu on port 57120... (Waiting for 5 seconds)
Engine: Failed to start sound server. Sound disabled.
Death switch timeout: 240 seconds
<<<<<<<<<<<<<<<<<<<<<<<<<<<<<<<<<<<<<<<<<<<<<<<<<<<<<<<<<<<<<<<<<<<<<<<<<<<<<<<< DISPLAY INITIALIZATION


>>>>>>>>>>>>>>>>>>>>>>>>>>>>>>>>>>>>>>>>>>>>>>>>>>>>>>>>>>>>>>>>>>>>>>>>>>>>>>>> APPLICATION LOOP
!!! EventSharingModule::share: server not initialized yet. Ignoring call.
!!! EventSharingModule::share: server not initialized yet. Ignoring call.
!!! EventSharingModule::share: server not initialized yet. Ignoring call.
!!! EventSharingModule::share: server not initialized yet. Ignoring call.
!!! EventSharingModule::share: server not initialized yet. Ignoring call.
!!! EventSharingModule::share: server not initialized yet. Ignoring call.
!!! EventSharingModule::share: server not initialized yet. Ignoring call.
!!! EventSharingModule::share: server not initialized yet. Ignoring call.
!!! EventSharingModule::share: server not initialized yet. Ignoring call.
!!! EventSharingModule::share: server not initialized yet. Ignoring call.
!!! EventSharingModule::share: server not initialized yet. Ignoring call.
!!! EventSharingModule::share: server not initialized yet. Ignoring call.
!!! EventSharingModule::share: server not initialized yet. Ignoring call.
!!! EventSharingModule::share: server not initialized yet. Ignoring call.
!!! EventSharingModule::share: server not initialized yet. Ignoring call.
!!! EventSharingModule::share: server not initialized yet. Ignoring call.
!!! EventSharingModule::share: server not initialized yet. Ignoring call.
!!! EventSharingModule::share: server not initialized yet. Ignoring call.
!!! EventSharingModule::share: server not initialized yet. Ignoring call.
!!! EventSharingModule::share: server not initialized yet. Ignoring call.
!!! EventSharingModule::share: server not initialized yet. Ignoring call.
!!! EventSharingModule::share: server not initialized yet. Ignoring call.
!!! EventSharingModule::share: server not initialized yet. Ignoring call.
!!! EventSharingModule::share: server not initialized yet. Ignoring call.
!!! EventSharingModule::share: server not initialized yet. Ignoring call.
!!! EventSharingModule::share: server not initialized yet. Ignoring call.
!!! EventSharingModule::share: server not initialized yet. Ignoring call.
!!! EventSharingModule::share: server not initialized yet. Ignoring call.
!!! EventSharingModule::share: server not initialized yet. Ignoring call.
!!! EventSharingModule::share: server not initialized yet. Ignoring call.
!!! EventSharingModule::share: server not initialized yet. Ignoring call.
!!! EventSharingModule::share: server not initialized yet. Ignoring call.
!!! EventSharingModule::share: server not initialized yet. Ignoring call.
!!! EventSharingModule::share: server not initialized yet. Ignoring call.
!!! EventSharingModule::share: server not initialized yet. Ignoring call.
!!! EventSharingModule::share: server not initialized yet. Ignoring call.
!!! EventSharingModule::share: server not initialized yet. Ignoring call.
!!! EventSharingModule::share: server not initialized yet. Ignoring call.
!!! EventSharingModule::share: server not initialized yet. Ignoring call.
!!! EventSharingModule::share: server not initialized yet. Ignoring call.
!!! EventSharingModule::share: server not initialized yet. Ignoring call.
!!! EventSharingModule::share: server not initialized yet. Ignoring call.
!!! EventSharingModule::share: server not initialized yet. Ignoring call.
!!! EventSharingModule::share: server not initialized yet. Ignoring call.
!!! EventSharingModule::share: server not initialized yet. Ignoring call.
!!! EventSharingModule::share: server not initialized yet. Ignoring call.
!!! EventSharingModule::share: server not initialized yet. Ignoring call.
!!! EventSharingModule::share: server not initialized yet. Ignoring call.
!!! EventSharingModule::share: server not initialized yet. Ignoring call.
!!! EventSharingModule::share: server not initialized yet. Ignoring call.
!!! EventSharingModule::share: server not initialized yet. Ignoring call.
!!! EventSharingModule::share: server not initialized yet. Ignoring call.
!!! EventSharingModule::share: server not initialized yet. Ignoring call.
!!! EventSharingModule::share: server not initialized yet. Ignoring call.
!!! EventSharingModule::share: server not initialized yet. Ignoring call.
!!! EventSharingModule::share: server not initialized yet. Ignoring call.
!!! EventSharingModule::share: server not initialized yet. Ignoring call.
!!! EventSharingModule::share: server not initialized yet. Ignoring call.
!!! EventSharingModule::share: server not initialized yet. Ignoring call.
!!! EventSharingModule::share: server not initialized yet. Ignoring call.
!!! EventSharingModule::share: server not initialized yet. Ignoring call.
!!! EventSharingModule::share: server not initialized yet. Ignoring call.
!!! EventSharingModule::share: server not initialized yet. Ignoring call.
!!! EventSharingModule::share: server not initialized yet. Ignoring call.
!!! EventSharingModule::share: server not initialized yet. Ignoring call.
!!! EventSharingModule::share: server not initialized yet. Ignoring call.
!!! EventSharingModule::share: server not initialized yet. Ignoring call.
!!! EventSharingModule::share: server not initialized yet. Ignoring call.
!!! EventSharingModule::share: server not initialized yet. Ignoring call.
Creating death switch thread
omegaToolkitPythonApiInit()
cyclopsPythonApiInit()
PythonInterpreter::runFile: running default_init.py
ModuleServices::addModule: MenuManager
ModuleServices::addModule: UiModule
UiModule initializing...
UiModule initialization OK
Attemped to loaded buffer ID 10, but not connected to a sound server!
Attemped to loaded buffer ID 11, but not connected to a sound server!
Attemped to loaded buffer ID 12, but not connected to a sound server!
Attemped to loaded buffer ID 13, but not connected to a sound server!



---------------------------------------------------------------------
Welcome to orun!
	omegalib version 5.1.1
	To get a list of quick commands type :?
	Type :? . to list all global symbols
	Type :? C to list all members of class or variable `C`
		example :? SceneNode
	Type :? ./C [prefix] to list global symbols or object members starting with `prefix`
		example :? . si
		example :? SceneNode set




PythonInterpreter::runFile: running chicagoflat.py
Attemped to loaded buffer ID 14, but not connected to a sound server!
OSG Plugin Path(s): /data/evl/victoras/omegalib5/build/bin/osg/osgPlugins-3.3.0:/data/evl/victoras/omegalib5/build/bin/osg
ModuleServices::addModule: OsgModule
ModuleServices::addModule: SceneManager
ModelLoaderThread: start
>>>>>>>>>>>>>>>>>>>>>>>>>>>>>>>>>>>>>>>> SceneManager::loadModel
Loading model sphere.obj
Optimizing model
<<<<<<<<<<<<<<<<<<<<<<<<<<<<<<<<<<<<<<<< SceneManager::loadModel

>>>>>>>>>>>>>>>>>>>>>>>>>>>>>>>>>>>>>>>> SceneManager::loadModel
Loading model chicago_yahoo.earth
Optimizing model
<<<<<<<<<<<<<<<<<<<<<<<<<<<<<<<<<<<<<<<< SceneManager::loadModel

>>>>>>>>>>>>>>>>>>>>>>>>>>>>>>>>>>>>>>>> SceneManager::loadModel
Loading model absoluteCrimes.kmz
Adding mapNode option
Optimizing model
<<<<<<<<<<<<<<<<<<<<<<<<<<<<<<<<<<<<<<<< SceneManager::loadModel

>>>>>>>>>>>>>>>>>>>>>>>>>>>>>>>>>>>>>>>> SceneManager::loadModel
Loading model absoluteTimezone.kmz
Adding mapNode option
Optimizing model
<<<<<<<<<<<<<<<<<<<<<<<<<<<<<<<<<<<<<<<< SceneManager::loadModel

>>>>>>>>>>>>>>>>>>>>>>>>>>>>>>>>>>>>>>>> SceneManager::loadModel
Loading model areaLess.kmz
Adding mapNode option
Optimizing model
<<<<<<<<<<<<<<<<<<<<<<<<<<<<<<<<<<<<<<<< SceneManager::loadModel

>>>>>>>>>>>>>>>>>>>>>>>>>>>>>>>>>>>>>>>> SceneManager::loadModel
Loading model areaMore.kmz
Adding mapNode option
Optimizing model
<<<<<<<<<<<<<<<<<<<<<<<<<<<<<<<<<<<<<<<< SceneManager::loadModel

>>>>>>>>>>>>>>>>>>>>>>>>>>>>>>>>>>>>>>>> SceneManager::loadModel
Loading model schools.kml
Adding mapNode option
Optimizing model
<<<<<<<<<<<<<<<<<<<<<<<<<<<<<<<<<<<<<<<< SceneManager::loadModel

>>>>>>>>>>>>>>>>>>>>>>>>>>>>>>>>>>>>>>>> SceneManager::loadModel
Loading model seriousCrimesPerTract.kml
Adding mapNode option
Optimizing model
<<<<<<<<<<<<<<<<<<<<<<<<<<<<<<<<<<<<<<<< SceneManager::loadModel

EqualizerDisplaySystem::killCluster
number of nodes: 37
